0 info it worked if it ends with ok
1 verbose cli [ 'node', '/usr/local/bin/npm', 'install', '-g', 'ios-deploy' ]
2 info using npm@2.13.0
3 info using node@v0.12.5
4 verbose install initial load of /usr/local/lib/package.json
5 verbose readDependencies loading dependencies from /usr/local/lib/package.json
6 silly cache add args [ 'ios-deploy', null ]
7 verbose cache add spec ios-deploy
8 silly cache add parsed spec { raw: 'ios-deploy',
8 silly cache add   scope: null,
8 silly cache add   name: 'ios-deploy',
8 silly cache add   rawSpec: '',
8 silly cache add   spec: '*',
8 silly cache add   type: 'range' }
9 silly addNamed ios-deploy@*
10 verbose addNamed "*" is a valid semver range for ios-deploy
11 silly addNameRange { name: 'ios-deploy', range: '*', hasData: false }
12 silly mapToRegistry name ios-deploy
13 silly mapToRegistry using default registry
14 silly mapToRegistry registry https://registry.npmjs.org/
15 silly mapToRegistry uri https://registry.npmjs.org/ios-deploy
16 verbose addNameRange registry:https://registry.npmjs.org/ios-deploy not in flight; fetching
17 verbose request uri https://registry.npmjs.org/ios-deploy
18 verbose request no auth needed
19 info attempt registry request try #1 at 6:50:18 PM
20 verbose request id 83d61e98c253a773
21 verbose etag "33W06N958TKM5FZSWXU6YS6UE"
22 http request GET https://registry.npmjs.org/ios-deploy
23 http 200 https://registry.npmjs.org/ios-deploy
24 silly get cb [ 200,
24 silly get   { server: 'CouchDB/1.5.0 (Erlang OTP/R16B03)',
24 silly get     etag: '"BEW881I38BM5U9LQ4MJ64XZRQ"',
24 silly get     'content-type': 'application/json',
24 silly get     'cache-control': 'max-age=60',
24 silly get     'content-length': '32570',
24 silly get     'accept-ranges': 'bytes',
24 silly get     date: 'Mon, 30 Nov 2015 18:50:17 GMT',
24 silly get     via: '1.1 varnish',
24 silly get     age: '13',
24 silly get     connection: 'keep-alive',
24 silly get     'x-served-by': 'cache-ams4135-AMS',
24 silly get     'x-cache': 'HIT',
24 silly get     'x-cache-hits': '1',
24 silly get     'x-timer': 'S1448909417.174333,VS0,VE0',
24 silly get     vary: 'Accept' } ]
25 verbose get saving ios-deploy to /Users/stuartbyrne/.npm/registry.npmjs.org/ios-deploy/.cache.json
26 silly addNameRange number 2 { name: 'ios-deploy', range: '*', hasData: true }
27 silly addNameRange versions [ 'ios-deploy',
27 silly addNameRange   [ '1.0.1',
27 silly addNameRange     '1.0.2',
27 silly addNameRange     '1.0.3',
27 silly addNameRange     '1.0.4',
27 silly addNameRange     '1.0.5',
27 silly addNameRange     '1.0.6',
27 silly addNameRange     '1.0.7',
27 silly addNameRange     '1.0.8',
27 silly addNameRange     '1.0.9',
27 silly addNameRange     '1.1.0',
27 silly addNameRange     '1.2.0',
27 silly addNameRange     '1.3.0',
27 silly addNameRange     '1.3.1',
27 silly addNameRange     '1.3.2',
27 silly addNameRange     '1.4.0',
27 silly addNameRange     '1.5.0',
27 silly addNameRange     '1.6.0',
27 silly addNameRange     '1.6.1',
27 silly addNameRange     '1.6.2',
27 silly addNameRange     '1.6.3',
27 silly addNameRange     '1.7.0',
27 silly addNameRange     '1.8.0',
27 silly addNameRange     '1.8.1',
27 silly addNameRange     '1.8.2',
27 silly addNameRange     '1.8.3' ] ]
28 silly addNamed ios-deploy@1.8.3
29 verbose addNamed "1.8.3" is a plain semver version for ios-deploy
30 silly mapToRegistry name ios-deploy
31 silly mapToRegistry using default registry
32 silly mapToRegistry registry https://registry.npmjs.org/
33 silly mapToRegistry uri https://registry.npmjs.org/ios-deploy
34 verbose addRemoteTarball https://registry.npmjs.org/ios-deploy/-/ios-deploy-1.8.3.tgz not in flight; adding
35 verbose addRemoteTarball [ 'https://registry.npmjs.org/ios-deploy/-/ios-deploy-1.8.3.tgz',
35 verbose addRemoteTarball   'a796354132a65d2f57df1075d64b2d2365c857e4' ]
36 info retry fetch attempt 1 at 6:50:18 PM
37 info attempt registry request try #1 at 6:50:18 PM
38 http fetch GET https://registry.npmjs.org/ios-deploy/-/ios-deploy-1.8.3.tgz
39 http fetch 200 https://registry.npmjs.org/ios-deploy/-/ios-deploy-1.8.3.tgz
40 silly fetchAndShaCheck shasum a796354132a65d2f57df1075d64b2d2365c857e4
41 verbose addTmpTarball /var/folders/z4/jj923ywj729751r0hstjvh_w0000gn/T/npm-2187-62bc821e/registry.npmjs.org/ios-deploy/-/ios-deploy-1.8.3.tgz not in flight; adding
42 verbose addTmpTarball already have metadata; skipping unpack for ios-deploy@1.8.3
43 silly cache afterAdd ios-deploy@1.8.3
44 verbose afterAdd /Users/stuartbyrne/.npm/ios-deploy/1.8.3/package/package.json not in flight; writing
45 verbose afterAdd /Users/stuartbyrne/.npm/ios-deploy/1.8.3/package/package.json written
46 silly install resolved [ { name: 'ios-deploy',
46 silly install resolved     version: '1.8.3',
46 silly install resolved     os: [ 'darwin' ],
46 silly install resolved     description: 'launch iOS apps iOS devices from the command line (Xcode 7)',
46 silly install resolved     main: 'ios-deploy',
46 silly install resolved     scripts:
46 silly install resolved      { preinstall: './src/check_reqs.js && xcodebuild',
46 silly install resolved        test: 'npm run jshint',
46 silly install resolved        jshint: 'node node_modules/jshint/bin/jshint src' },
46 silly install resolved     bin: { 'ios-deploy': './build/Release/ios-deploy' },
46 silly install resolved     repository:
46 silly install resolved      { type: 'git',
46 silly install resolved        url: 'git+https://github.com/phonegap/ios-deploy.git' },
46 silly install resolved     devDependencies: { jshint: '2.5.8' },
46 silly install resolved     keywords: [ 'ios-deploy', 'deploy to iOS device' ],
46 silly install resolved     bugs: { url: 'https://github.com/phonegap/ios-deploy/issues' },
46 silly install resolved     author: { name: 'Greg Hughes' },
46 silly install resolved     license: 'GPLv3',
46 silly install resolved     gitHead: '551cdc58046ab51b8cc0505c01faa1722be04982',
46 silly install resolved     homepage: 'https://github.com/phonegap/ios-deploy#readme',
46 silly install resolved     _id: 'ios-deploy@1.8.3',
46 silly install resolved     _shasum: 'a796354132a65d2f57df1075d64b2d2365c857e4',
46 silly install resolved     _from: 'ios-deploy@*',
46 silly install resolved     _npmVersion: '2.14.7',
46 silly install resolved     _nodeVersion: '4.2.2',
46 silly install resolved     _npmUser: { name: 'shazron', email: 'shazron@gmail.com' },
46 silly install resolved     maintainers: [ [Object], [Object], [Object] ],
46 silly install resolved     dist:
46 silly install resolved      { shasum: 'a796354132a65d2f57df1075d64b2d2365c857e4',
46 silly install resolved        tarball: 'http://registry.npmjs.org/ios-deploy/-/ios-deploy-1.8.3.tgz' },
46 silly install resolved     directories: {},
46 silly install resolved     _resolved: 'https://registry.npmjs.org/ios-deploy/-/ios-deploy-1.8.3.tgz' } ]
47 info install ios-deploy@1.8.3 into /usr/local/lib
48 info installOne ios-deploy@1.8.3
49 verbose installOne of ios-deploy to /usr/local/lib not in flight; installing
50 verbose lock using /Users/stuartbyrne/.npm/_locks/ios-deploy-198957223cd98201.lock for /usr/local/lib/node_modules/ios-deploy
51 silly install write writing ios-deploy 1.8.3 to /usr/local/lib/node_modules/ios-deploy
52 verbose unbuild lib/node_modules/ios-deploy
53 silly gentlyRm /usr/local/lib/node_modules/ios-deploy is being purged from base /usr/local
54 verbose gentlyRm don't care about contents; nuking /usr/local/lib/node_modules/ios-deploy
55 verbose tar unpack /Users/stuartbyrne/.npm/ios-deploy/1.8.3/package.tgz
56 verbose tar unpacking to /usr/local/lib/node_modules/ios-deploy
57 silly gentlyRm /usr/local/lib/node_modules/ios-deploy is being purged
58 verbose gentlyRm don't care about contents; nuking /usr/local/lib/node_modules/ios-deploy
59 silly gunzTarPerm modes [ '755', '644' ]
60 silly gunzTarPerm extractEntry package.json
61 silly gunzTarPerm extractEntry .npmignore
62 silly gunzTarPerm extractEntry README.md
63 silly gunzTarPerm extractEntry LICENSE
64 silly gunzTarPerm extractEntry CONTRIBUTING.md
65 silly gunzTarPerm extractEntry demo/.npmignore
66 silly gunzTarPerm extractEntry demo/Entitlements.plist
67 silly gunzTarPerm extractEntry demo/Info.plist
68 silly gunzTarPerm extractEntry demo/Makefile
69 silly gunzTarPerm extractEntry demo/ResourceRules.plist
70 silly gunzTarPerm extractEntry demo/demo.c
71 silly gunzTarPerm extractEntry ios-deploy.xcodeproj/project.pbxproj
72 silly gunzTarPerm extractEntry src/check_reqs.js
73 silly gunzTarPerm extractEntry src/MobileDevice.h
74 silly gunzTarPerm extractEntry src/errors.h
75 silly gunzTarPerm extractEntry src/ios-deploy.c
76 verbose write writing to /usr/local/lib/node_modules/ios-deploy/package.json
77 info preinstall ios-deploy@1.8.3
78 verbose unsafe-perm in lifecycle true
79 info ios-deploy@1.8.3 Failed to exec preinstall script
80 verbose unlock done using /Users/stuartbyrne/.npm/_locks/ios-deploy-198957223cd98201.lock for /usr/local/lib/node_modules/ios-deploy
81 verbose stack Error: ios-deploy@1.8.3 preinstall: `./src/check_reqs.js && xcodebuild`
81 verbose stack Exit status 1
81 verbose stack     at EventEmitter.<anonymous> (/usr/local/lib/node_modules/npm/lib/utils/lifecycle.js:213:16)
81 verbose stack     at EventEmitter.emit (events.js:110:17)
81 verbose stack     at ChildProcess.<anonymous> (/usr/local/lib/node_modules/npm/lib/utils/spawn.js:24:14)
81 verbose stack     at ChildProcess.emit (events.js:110:17)
81 verbose stack     at maybeClose (child_process.js:1015:16)
81 verbose stack     at Process.ChildProcess._handle.onexit (child_process.js:1087:5)
82 verbose pkgid ios-deploy@1.8.3
83 verbose cwd /Users/stuartbyrne/Development/Github/PFA_Ireland_Production
84 error Darwin 15.0.0
85 error argv "node" "/usr/local/bin/npm" "install" "-g" "ios-deploy"
86 error node v0.12.5
87 error npm  v2.13.0
88 error code ELIFECYCLE
89 error ios-deploy@1.8.3 preinstall: `./src/check_reqs.js && xcodebuild`
89 error Exit status 1
90 error Failed at the ios-deploy@1.8.3 preinstall script './src/check_reqs.js && xcodebuild'.
90 error This is most likely a problem with the ios-deploy package,
90 error not with npm itself.
90 error Tell the author that this fails on your system:
90 error     ./src/check_reqs.js && xcodebuild
90 error You can get their info via:
90 error     npm owner ls ios-deploy
90 error There is likely additional logging output above.
91 verbose exit [ 1, true ]
92 verbose unbuild lib/node_modules/ios-deploy
93 info preuninstall ios-deploy@1.8.3
94 info uninstall ios-deploy@1.8.3
95 verbose unbuild rmStuff ios-deploy@1.8.3 from /usr/local/lib/node_modules
96 silly gentlyRm /usr/local/bin/ios-deploy is being gently removed
97 silly gentlyRm verifying /usr/local is an npm working directory
98 silly gentlyRm containing path /usr/local is under npm's control, in /usr/local
99 silly gentlyRm deletion target /usr/local/bin/ios-deploy is under /usr/local
100 verbose gentlyRm vacuuming from /usr/local/bin/ios-deploy up to /usr/local
101 info postuninstall ios-deploy@1.8.3
102 silly gentlyRm /usr/local/lib/node_modules/ios-deploy is being purged from base /usr/local
103 verbose gentlyRm don't care about contents; nuking /usr/local/lib/node_modules/ios-deploy
104 silly vacuum-fs purging /usr/local/lib/node_modules/ios-deploy
105 silly vacuum-fs quitting because other entries in /usr/local/lib/node_modules
